<?xml version="1.0" encoding="UTF-8"?>
<!-- Generated by org.testng.reporters.JUnitReportReporter -->
<testsuite hostname="DESKTOP-NRJLUV5" failures="0" tests="2" name="com.qa.test.LoginPageTest" time="20.149" errors="0" timestamp="15 Mar 2020 01:46:08 GMT" skipped="0">
  <testcase classname="com.qa.test.LoginPageTest" name="verifyLoginButtonTest" time="13.456"/>
  <testcase classname="com.qa.test.LoginPageTest" name="validateLoginPageTitleTest" time="6.693"/>
</testsuite> <!-- com.qa.test.LoginPageTest -->
