<?xml version="1.0" encoding="UTF-8"?>
<!-- Generated by org.testng.reporters.JUnitReportReporter -->
<testsuite hostname="DESKTOP-NRJLUV5" failures="0" tests="2" name="com.qa.testcases.homePageTest" time="18.884" errors="0" timestamp="15 Sep 2021 22:48:09 GMT" skipped="1">
  <testcase classname="com.qa.testcases.homePageTest" name="clickONFlightTab" time="18.884"/>
  <testcase classname="com.qa.testcases.homePageTest" name="enterTravelDetails" time="0.000">
    <skipped/>
  </testcase> <!-- enterTravelDetails -->
</testsuite> <!-- com.qa.testcases.homePageTest -->
