<?xml version="1.0" encoding="UTF-8"?>
<!-- Generated by org.testng.reporters.JUnitReportReporter -->
<testsuite hostname="DESKTOP-NRJLUV5" failures="0" tests="4" name="com.qa.tests.HomePageTest" time="67.564" errors="0" timestamp="03 Dec 2019 18:35:56 GMT" skipped="0">
  <testcase classname="com.qa.tests.HomePageTest" name="verifyHomePageTitleTest" time="12.334"/>
  <testcase classname="com.qa.tests.HomePageTest" name="verifyHomePageTitleTest" time="20.287"/>
  <testcase classname="com.qa.tests.HomePageTest" name="clickOnContactButtonTest" time="23.076"/>
  <testcase classname="com.qa.tests.HomePageTest" name="clickOnContactButtonTest" time="11.867"/>
</testsuite> <!-- com.qa.tests.HomePageTest -->
