<?xml version="1.0" encoding="UTF-8"?>
<!-- Generated by org.testng.reporters.JUnitReportReporter -->
<testsuite hostname="DESKTOP-NRJLUV5" failures="0" tests="4" name="com.qa.tests.LoginPageTest" time="73.098" errors="0" timestamp="03 Dec 2019 18:35:56 GMT" skipped="0">
  <testcase classname="com.qa.tests.LoginPageTest" name="verifyLoginPageTitleTest" time="12.274"/>
  <testcase classname="com.qa.tests.LoginPageTest" name="verifyLoginPageTitleTest" time="27.759"/>
  <testcase classname="com.qa.tests.LoginPageTest" name="validateLoginPageTest" time="22.127"/>
  <testcase classname="com.qa.tests.LoginPageTest" name="validateLoginPageTest" time="10.938"/>
</testsuite> <!-- com.qa.tests.LoginPageTest -->
