<?xml version="1.0" encoding="UTF-8"?>
<!-- Generated by org.testng.reporters.JUnitReportReporter -->
<testsuite hostname="DESKTOP-NRJLUV5" failures="0" tests="6" name="com.qa.tests.ContactsPageTest" time="155.036" errors="0" timestamp="03 Dec 2019 18:35:56 GMT" skipped="0">
  <testcase classname="com.qa.tests.ContactsPageTest" name="EnterContactDetailsTest" time="31.230"/>
  <testcase classname="com.qa.tests.ContactsPageTest" name="EnterContactDetailsTest" time="20.852"/>
  <testcase classname="com.qa.tests.ContactsPageTest" name="ClickOnNewButtonTest" time="30.596"/>
  <testcase classname="com.qa.tests.ContactsPageTest" name="ClickOnNewButtonTest" time="23.204"/>
  <testcase classname="com.qa.tests.ContactsPageTest" name="ValidateContactPageHeaderTest" time="18.962"/>
  <testcase classname="com.qa.tests.ContactsPageTest" name="ValidateContactPageHeaderTest" time="30.192"/>
</testsuite> <!-- com.qa.tests.ContactsPageTest -->
