<?xml version="1.0" encoding="UTF-8"?>
<!-- Generated by org.testng.reporters.JUnitReportReporter -->
<testsuite hostname="DESKTOP-NRJLUV5" failures="0" tests="2" name="Test.Carloan" time="0.003" errors="0" timestamp="10 Jul 2019 17:47:55 GMT" skipped="0">
  <testcase classname="Test.Carloan" name="APICarLogin" time="0.002"/>
  <testcase classname="Test.Carloan" name="webCarLogin" time="0.001"/>
</testsuite> <!-- Test.Carloan -->
