<?xml version="1.0" encoding="UTF-8"?>
<!-- Generated by org.testng.reporters.JUnitReportReporter -->
<testsuite hostname="DESKTOP-NRJLUV5" failures="0" tests="2" name="Test.Basic" time="0.011" errors="0" timestamp="10 Jul 2019 17:57:58 GMT" skipped="0">
  <testcase classname="Test.Basic" name="seleniumaatext" time="0.002"/>
  <testcase classname="Test.Basic" name="Demo" time="0.009"/>
</testsuite> <!-- Test.Basic -->
