<?xml version="1.0" encoding="UTF-8"?>
<!-- Generated by org.testng.reporters.JUnitReportReporter -->
<testsuite hostname="DESKTOP-NRJLUV5" failures="0" tests="1" name="Test.Day2" time="0.002" errors="0" timestamp="10 Jul 2019 17:57:58 GMT" skipped="0">
  <testcase classname="Test.Day2" name="Learn" time="0.002"/>
</testsuite> <!-- Test.Day2 -->
