<?xml version="1.0" encoding="UTF-8"?>
<!-- Generated by org.testng.reporters.JUnitReportReporter -->
<testsuite hostname="DESKTOP-NRJLUV5" failures="0" tests="10" name="Exdp.exdptest" time="6.060" errors="0" timestamp="1 Aug 2019 00:25:26 GMT">
  <testcase classname="Exdp.exdptest" name="tabledata" time="2.115"/>
  <testcase classname="Exdp.exdptest" name="CheckpriceField" time="0.311"/>
  <testcase classname="Exdp.exdptest" name="comm" time="0.461"/>
  <testcase classname="Exdp.exdptest" name="checkstopprice" time="0.424"/>
  <testcase classname="Exdp.exdptest" name="Staticdropdown1" time="0.886"/>
  <testcase classname="Exdp.exdptest" name="Textinput" time="0.612"/>
  <testcase classname="Exdp.exdptest" name="checkqant" time="0.176"/>
  <testcase classname="Exdp.exdptest" name="button" time="0.135"/>
  <testcase classname="Exdp.exdptest" name="dynadropdowm" time="0.516"/>
  <testcase classname="Exdp.exdptest" name="dynamicdropdown" time="0.424"/>
</testsuite> <!-- Exdp.exdptest -->
