<?xml version="1.0" encoding="UTF-8"?>
<!-- Generated by org.testng.reporters.JUnitReportReporter -->
<testsuite hostname="DESKTOP-NRJLUV5" failures="0" tests="1" name="Exdp.main" time="21.652" errors="0" timestamp="3 Aug 2019 02:06:56 GMT">
  <testcase classname="Exdp.main" name="InsertRow1" time="21.652"/>
</testsuite> <!-- Exdp.main -->
