<?xml version="1.0" encoding="UTF-8"?>
<!-- Generated by org.testng.reporters.JUnitReportReporter -->
<testsuite hostname="DESKTOP-NRJLUV5" failures="0" tests="2" name="com.qa.testcases.MainPageTest" time="14.604" errors="0" timestamp="29 Nov 2019 16:25:57 GMT" skipped="0">
  <testcase classname="com.qa.testcases.MainPageTest" name="VerifyLoginButtonTest" time="8.580"/>
  <testcase classname="com.qa.testcases.MainPageTest" name="CheckTitleOfMainPageTest" time="6.024"/>
</testsuite> <!-- com.qa.testcases.MainPageTest -->
