<?xml version="1.0" encoding="UTF-8"?>
<!-- Generated by org.testng.reporters.JUnitReportReporter -->
<testsuite hostname="DESKTOP-NRJLUV5" failures="0" tests="5" name="com.qa.testcases.ContactsPageTest" time="82.696" errors="0" timestamp="30 Nov 2019 04:35:30 GMT" skipped="0">
  <testcase classname="com.qa.testcases.ContactsPageTest" name="VerifyContactsPageLableTest" time="13.827"/>
  <testcase classname="com.qa.testcases.ContactsPageTest" name="ClickOnContactNewBtnTest" time="17.152"/>
  <testcase classname="com.qa.testcases.ContactsPageTest" name="ValidateNewContactTest" time="17.237"/>
  <testcase classname="com.qa.testcases.ContactsPageTest" name="ValidateNewContactTest" time="19.031"/>
  <testcase classname="com.qa.testcases.ContactsPageTest" name="ValidateNewContactTest" time="15.449"/>
</testsuite> <!-- com.qa.testcases.ContactsPageTest -->
