<?xml version="1.0" encoding="UTF-8"?>
<!-- Generated by org.testng.reporters.JUnitReportReporter -->
<testsuite hostname="DESKTOP-NRJLUV5" failures="0" tests="2" name="com.qa.testcases.LoginPageTest" time="18.285" errors="0" timestamp="29 Nov 2019 16:25:57 GMT" skipped="0">
  <testcase classname="com.qa.testcases.LoginPageTest" name="ClickOnLoginBtnTest" time="11.789"/>
  <testcase classname="com.qa.testcases.LoginPageTest" name="CheckTitleOfLoginPageTest" time="6.496"/>
</testsuite> <!-- com.qa.testcases.LoginPageTest -->
