<?xml version="1.0" encoding="UTF-8"?>
<!-- Generated by org.testng.reporters.JUnitReportReporter -->
<testsuite hostname="DESKTOP-NRJLUV5" failures="0" tests="1" name="com.qa.testcases.NewTest" time="0.009" errors="0" timestamp="29 Nov 2019 16:25:57 GMT" skipped="0">
  <testcase classname="com.qa.testcases.NewTest" name="f" time="0.009"/>
</testsuite> <!-- com.qa.testcases.NewTest -->
