<?xml version="1.0" encoding="UTF-8"?>
<!-- Generated by org.testng.reporters.JUnitReportReporter -->
<testsuite hostname="DESKTOP-NRJLUV5" failures="0" tests="4" name="com.qa.testcases.HomePageTest" time="47.399" errors="0" timestamp="29 Nov 2019 16:25:57 GMT" skipped="0">
  <testcase classname="com.qa.testcases.HomePageTest" name="ClickOnDeatsTest" time="11.187"/>
  <testcase classname="com.qa.testcases.HomePageTest" name="CheckSearchFieldTest" time="13.120"/>
  <testcase classname="com.qa.testcases.HomePageTest" name="CheckUsernameLableTest" time="11.905"/>
  <testcase classname="com.qa.testcases.HomePageTest" name="ClickOnContactsTest" time="11.187"/>
</testsuite> <!-- com.qa.testcases.HomePageTest -->
